<?xml version="1.0" encoding="UTF-8"?>
<!-- Generated by org.testng.reporters.JUnitXMLReporter -->
<testsuite ignored="1" hostname="LAPTOP" failures="1" tests="9" name="Test" time="0.17" errors="0" timestamp="2022-09-05T12:31:55 IST">
  <testcase classname="test.HomeLoan" name="FlatLoan" time="0.008"/>
  <testcase classname="test.HomeLoan" name="HomeLogin" time="0.0">
    <failure type="org.testng.TestNGException" message="
Parameter &amp;apos;URL&amp;apos; is required by @Test on method HomeLogin but has not been marked @Optional or defined
in D:\Sel_Aug_22\TestNGTutorials\testng.xml">
      <![CDATA[org.testng.TestNGException: 
Parameter 'URL' is required by @Test on method HomeLogin but has not been marked @Optional or defined
in D:\Sel_Aug_22\TestNGTutorials\testng.xml
at java.base/java.util.ArrayList.forEach(ArrayList.java:1511)
... Removed 26 stack frames]]>
    </failure>
  </testcase> <!-- HomeLogin -->
  <testcase classname="test.HomeLoan" name="PlotLoan" time="0.006"/>
  <testcase classname="test.GoldLoan" name="GoldLogin" time="0.004"/>
  <testcase classname="test.GoldLoan" name="GoldLogin" time="0.011"/>
  <testcase classname="test.GoldLoan" name="GoldLogin" time="0.002"/>
  <testcase classname="test.GoldLoan" name="ManOrnamentLoan" time="0.003"/>
  <testcase classname="test.GoldLoan" name="WomenOrnamentLoan" time="0.007"/>
  <testcase classname="test.GoldLoan" name="ChildOrnamentLoan" time="0.002"/>
  <testcase classname="test.HomeLoan" name="DuplexLoan" time="0.0">
    <ignored/>
  </testcase> <!-- DuplexLoan -->
</testsuite> <!-- Test -->
